<?xml version="1.0" encoding="UTF-8"?>
<testsuite xmlns:xsi="http://www.w3.org/2001/XMLSchema-instance" xsi:noNamespaceSchemaLocation="https://maven.apache.org/surefire/maven-surefire-plugin/xsd/surefire-test-report-3.0.xsd" version="3.0" name="camelinaction.BlueprintRestBeanOrderServiceTest" time="7.226" tests="3" errors="0" skipped="0" failures="0">
  <properties>
[...]
</properties>
  <testcase name="testGetOrder" classname="camelinaction.BlueprintRestBeanOrderServiceTest" time="2.721">
    <system-out><![CDATA[2021-10-28 11:59:21,968 [main           ] INFO  CamelBlueprintHelper           - Using Blueprint XML file: /home/agagliar/Projects/cases/03056197-telenor-bp-graceperiod/example/camel-cxf-rest-karaf/target/classes/OSGI-INF/blueprint/rest-order.xml
2021-10-28 11:59:21,980 [Thread-1       ] INFO  RawBuilder                     - Copy thread finished.
2021-10-28 11:59:21,984 [Thread-2       ] INFO  RawBuilder                     - Copy thread finished.
2021-10-28 11:59:22,111 [main           ] INFO  Activator                      - Camel activator starting
2021-10-28 11:59:22,133 [main           ] INFO  Activator                      - Camel activator started
2021-10-28 11:59:22,242 [main           ] INFO  NamespaceHandlerRegisterer     - Registered blueprint namespace handler for http://cxf.apache.org/blueprint/jaxrs
2021-10-28 11:59:22,247 [main           ] INFO  NamespaceHandlerRegisterer     - Registered blueprint namespace handler for http://cxf.apache.org/blueprint/jaxws
2021-10-28 11:59:22,250 [main           ] INFO  NamespaceHandlerRegisterer     - Registered blueprint namespace handler for http://cxf.apache.org/blueprint/simple
2021-10-28 11:59:22,252 [main           ] INFO  NamespaceHandlerRegisterer     - Registered blueprint namespace handler for http://cxf.apache.org/ws/addressing
2021-10-28 11:59:22,254 [main           ] INFO  NamespaceHandlerRegisterer     - Registered blueprint namespace handler for http://cxf.apache.org/policy
2021-10-28 11:59:22,255 [main           ] INFO  NamespaceHandlerRegisterer     - Registered blueprint namespace handler for http://www.w3.org/ns/ws-policy
2021-10-28 11:59:22,255 [main           ] INFO  NamespaceHandlerRegisterer     - Registered blueprint namespace handler for http://www.w3.org/2006/07/ws-policy
2021-10-28 11:59:22,255 [main           ] INFO  NamespaceHandlerRegisterer     - Registered blueprint namespace handler for http://schemas.xmlsoap.org/ws/2004/09/policy
2021-10-28 11:59:22,255 [main           ] INFO  NamespaceHandlerRegisterer     - Registered blueprint namespace handler for http://docs.oasis-open.org/wss/2004/01/oasis-200401-wss-wssecurity-secext-1.0.xsd
2021-10-28 11:59:22,256 [main           ] INFO  NamespaceHandlerRegisterer     - Registered blueprint namespace handler for http://docs.oasis-open.org/wss/2004/01/oasis-200401-wss-wssecurity-utility-1.0.xsd
2021-10-28 11:59:22,256 [main           ] INFO  NamespaceHandlerRegisterer     - Registered blueprint namespace handler for http://www.w3.org/2000/09/xmldsig#
2021-10-28 11:59:22,256 [main           ] INFO  NamespaceHandlerRegisterer     - Registered blueprint namespace handler for http://docs.oasis-open.org/ws-sx/ws-securitypolicy/200702
2021-10-28 11:59:22,260 [main           ] INFO  NamespaceHandlerRegisterer     - Registered blueprint namespace handler for http://cxf.apache.org/blueprint/jaxrs-client
2021-10-28 11:59:22,262 [main           ] INFO  NamespaceHandlerRegisterer     - Registered blueprint namespace handler for http://cxf.apache.org/blueprint/bindings/soap
Unable to start bundle: org.apache.cxf.cxf-rt-transports-http [30]
2021-10-28 11:59:22,303 [main           ] INFO  CXFActivator                   - Adding the extensions from bundle org.apache.camel.camel-cxf-transport (12) [org.apache.camel.component.cxf.transport.CamelTransportFactory]
2021-10-28 11:59:22,305 [main           ] INFO  CXFActivator                   - Adding the extensions from bundle org.apache.cxf.cxf-rt-frontend-jaxws (17) [org.apache.cxf.jaxws.context.WebServiceContextResourceResolver]
2021-10-28 11:59:22,305 [main           ] INFO  CXFActivator                   - Adding the extensions from bundle org.apache.cxf.cxf-rt-bindings-xml (19) [org.apache.cxf.binding.xml.XMLBindingFactory, org.apache.cxf.binding.xml.wsdl11.XMLWSDLExtensionLoader]
2021-10-28 11:59:22,306 [main           ] INFO  CXFActivator                   - Adding the extensions from bundle org.apache.cxf.cxf-rt-ws-addr (21) [org.apache.cxf.ws.addressing.policy.AddressingAssertionBuilder, org.apache.cxf.ws.addressing.policy.UsingAddressingAssertionBuilder, org.apache.cxf.ws.addressing.policy.AddressingPolicyInterceptorProvider, org.apache.cxf.ws.addressing.impl.AddressingWSDLExtensionLoader, org.apache.cxf.ws.addressing.WSAddressingFeature$WSAddressingFeatureApplier, org.apache.cxf.ws.addressing.MAPAggregator$MAPAggregatorLoader]
2021-10-28 11:59:22,307 [main           ] INFO  CXFActivator                   - Adding the extensions from bundle org.apache.cxf.cxf-rt-ws-policy (22) [org.apache.cxf.ws.policy.PolicyEngine, org.apache.cxf.policy.PolicyDataEngine, org.apache.cxf.ws.policy.AssertionBuilderRegistry, org.apache.cxf.ws.policy.PolicyInterceptorProviderRegistry, org.apache.cxf.ws.policy.PolicyBuilder, org.apache.cxf.ws.policy.PolicyAnnotationListener, org.apache.cxf.ws.policy.attachment.ServiceModelPolicyProvider, org.apache.cxf.ws.policy.attachment.external.DomainExpressionBuilderRegistry, org.apache.cxf.ws.policy.attachment.external.EndpointReferenceDomainExpressionBuilder, org.apache.cxf.ws.policy.attachment.external.URIDomainExpressionBuilder, org.apache.cxf.ws.policy.attachment.wsdl11.Wsdl11AttachmentPolicyProvider, org.apache.cxf.ws.policy.mtom.MTOMAssertionBuilder, org.apache.cxf.ws.policy.mtom.MTOMPolicyInterceptorProvider]
2021-10-28 11:59:22,308 [main           ] INFO  CXFActivator                   - Adding the extensions from bundle org.apache.cxf.cxf-rt-bindings-soap (26) [org.apache.cxf.binding.soap.SoapBindingFactory, org.apache.cxf.binding.soap.SoapTransportFactory]
2021-10-28 11:59:22,308 [main           ] INFO  CXFActivator                   - Adding the extensions from bundle org.apache.cxf.cxf-rt-wsdl (27) [org.apache.cxf.wsdl.WSDLManager]
2021-10-28 11:59:22,309 [main           ] INFO  CXFActivator                   - Adding the extensions from bundle org.apache.cxf.cxf-rt-transports-http (30) [org.apache.cxf.transport.http.HTTPTransportFactory, org.apache.cxf.transport.http.HTTPWSDLExtensionLoader, org.apache.cxf.transport.http.policy.HTTPClientAssertionBuilder, org.apache.cxf.transport.http.policy.HTTPServerAssertionBuilder, org.apache.cxf.transport.http.policy.NoOpPolicyInterceptorProvider]
2021-10-28 11:59:22,310 [main           ] INFO  CXFActivator                   - Adding the extensions from bundle org.apache.cxf.cxf-rt-transports-http-jetty (35) [org.apache.cxf.transport.http_jetty.JettyDestinationFactory, org.apache.cxf.transport.http_jetty.JettyHTTPServerEngineFactory, org.apache.cxf.transport.http.ContinuationProviderFactory]
2021-10-28 11:59:22,319 [main           ] INFO  NamespaceHandlerRegisterer     - Registered blueprint namespace handler for http://cxf.apache.org/blueprint/core
2021-10-28 11:59:22,319 [main           ] INFO  NamespaceHandlerRegisterer     - Registered blueprint namespace handler for http://cxf.apache.org/configuration/beans
2021-10-28 11:59:22,319 [main           ] INFO  NamespaceHandlerRegisterer     - Registered blueprint namespace handler for http://cxf.apache.org/configuration/parameterized-types
2021-10-28 11:59:22,320 [main           ] INFO  NamespaceHandlerRegisterer     - Registered blueprint namespace handler for http://cxf.apache.org/configuration/security
2021-10-28 11:59:22,320 [main           ] INFO  NamespaceHandlerRegisterer     - Registered blueprint namespace handler for http://schemas.xmlsoap.org/wsdl/
2021-10-28 11:59:22,320 [main           ] INFO  NamespaceHandlerRegisterer     - Registered blueprint namespace handler for http://www.w3.org/2005/08/addressing
2021-10-28 11:59:22,320 [main           ] INFO  NamespaceHandlerRegisterer     - Registered blueprint namespace handler for http://schemas.xmlsoap.org/ws/2004/08/addressing
2021-10-28 11:59:22,341 [main           ] INFO  NamespaceHandlerRegisterer     - Registered blueprint namespace handler for http://cxf.apache.org/transports/http-jetty/configuration
2021-10-28 11:59:22,430 [int Extender: 1] INFO  BlueprintContainerImpl         - Bundle BlueprintRestBeanOrderServiceTest/1.0.0 is waiting for namespace handlers [http://camel.apache.org/schema/blueprint/cxf, http://camel.apache.org/schema/blueprint]
2021-10-28 11:59:23,580 [t Dispatcher: 1] INFO  BlueprintCamelContext          - Attempting to start Camel Context camel
2021-10-28 11:59:23,580 [main           ] INFO  eprintRestBeanOrderServiceTest - ********************************************************************************
2021-10-28 11:59:23,580 [main           ] INFO  eprintRestBeanOrderServiceTest - Testing: testGetOrder(camelinaction.BlueprintRestBeanOrderServiceTest)
2021-10-28 11:59:23,580 [main           ] INFO  eprintRestBeanOrderServiceTest - ********************************************************************************
2021-10-28 11:59:23,588 [main           ] INFO  eprintRestBeanOrderServiceTest - Skipping starting CamelContext as system property skipStartingCamelContext is set to be true.
2021-10-28 11:59:23,588 [main           ] INFO  BlueprintCamelContext          - Apache Camel 2.17.0.redhat-630495 (CamelContext: camel) is starting
2021-10-28 11:59:23,589 [main           ] INFO  ManagedManagementStrategy      - JMX is enabled
2021-10-28 11:59:23,724 [main           ] INFO  DefaultRuntimeEndpointRegistry - Runtime endpoint registry is in extended mode gathering usage statistics of all incoming and outgoing endpoints (cache limit: 1000)
2021-10-28 11:59:23,826 [main           ] INFO  BlueprintCamelContext          - AllowUseOriginalMessage is enabled. If access to the original message is not needed, then its recommended to turn this option off as it may improve performance.
2021-10-28 11:59:23,826 [main           ] INFO  BlueprintCamelContext          - StreamCaching is not in use. If using streams then its recommended to enable stream caching. See more details at http://camel.apache.org/stream-caching.html
2021-10-28 11:59:23,864 [main           ] INFO  ServerImpl                     - Setting the server's publish address to be http://localhost:8080
2021-10-28 11:59:23,938 [main           ] INFO  log                            - Logging initialized @2408ms
2021-10-28 11:59:23,960 [main           ] INFO  Server                         - jetty-9.2.23.v20171218
2021-10-28 11:59:23,971 [main           ] WARN  AbstractHandler                - No Server set for org.apache.cxf.transport.http_jetty.JettyHTTPServerEngine$1@77d67cf3
2021-10-28 11:59:23,979 [main           ] INFO  ServerConnector                - Started ServerConnector@253d9f73{HTTP/1.1}{localhost:8080}
2021-10-28 11:59:23,979 [main           ] INFO  Server                         - Started @2449ms
2021-10-28 11:59:23,983 [main           ] WARN  ContextHandler                 - Empty contextPath
2021-10-28 11:59:23,989 [main           ] INFO  ContextHandler                 - Started o.e.j.s.h.ContextHandler@79c7532f{/,null,AVAILABLE}
2021-10-28 11:59:23,989 [main           ] INFO  BlueprintCamelContext          - Route: route1 started and consuming from: Endpoint[cxfrs://bean:restOrderServer?bindingStyle=SimpleConsumer]
2021-10-28 11:59:23,990 [main           ] INFO  BlueprintCamelContext          - Route: route2 started and consuming from: Endpoint[direct://createOrder]
2021-10-28 11:59:23,991 [main           ] INFO  BlueprintCamelContext          - Route: route3 started and consuming from: Endpoint[direct://getOrder]
2021-10-28 11:59:23,992 [main           ] INFO  BlueprintCamelContext          - Route: route4 started and consuming from: Endpoint[direct://updateOrder]
2021-10-28 11:59:23,992 [main           ] INFO  BlueprintCamelContext          - Route: route5 started and consuming from: Endpoint[direct://cancelOrder]
2021-10-28 11:59:23,992 [main           ] INFO  BlueprintCamelContext          - Total 5 routes, of which 5 are started.
2021-10-28 11:59:23,993 [main           ] INFO  BlueprintCamelContext          - Apache Camel 2.17.0.redhat-630495 (CamelContext: camel) started in 0.404 seconds
2021-10-28 11:59:24,601 [main           ] INFO  eprintRestBeanOrderServiceTest - Response: {"id":1,"partName":"motor","amount":1,"customerName":"honda"}
2021-10-28 11:59:24,602 [main           ] INFO  eprintRestBeanOrderServiceTest - ********************************************************************************
2021-10-28 11:59:24,602 [main           ] INFO  eprintRestBeanOrderServiceTest - Testing done: testGetOrder(camelinaction.BlueprintRestBeanOrderServiceTest)
2021-10-28 11:59:24,602 [main           ] INFO  eprintRestBeanOrderServiceTest - Took: 1.014 seconds (1014 millis)
2021-10-28 11:59:24,602 [main           ] INFO  eprintRestBeanOrderServiceTest - ********************************************************************************
2021-10-28 11:59:24,603 [main           ] INFO  BlueprintCamelContext          - Apache Camel 2.17.0.redhat-630495 (CamelContext: camel) is shutting down
2021-10-28 11:59:24,604 [main           ] INFO  DefaultShutdownStrategy        - Starting to graceful shutdown 5 routes (timeout 10 seconds)
2021-10-28 11:59:24,607 [ - ShutdownTask] INFO  ContextHandler                 - Stopped o.e.j.s.h.ContextHandler@79c7532f{/,null,UNAVAILABLE}
2021-10-28 11:59:24,607 [ - ShutdownTask] INFO  DefaultShutdownStrategy        - Route: route1 shutdown complete, was consuming from: Endpoint[cxfrs://bean:restOrderServer?bindingStyle=SimpleConsumer]
2021-10-28 11:59:24,608 [ - ShutdownTask] INFO  DefaultShutdownStrategy        - Route: route5 shutdown complete, was consuming from: Endpoint[direct://cancelOrder]
2021-10-28 11:59:24,608 [ - ShutdownTask] INFO  DefaultShutdownStrategy        - Route: route4 shutdown complete, was consuming from: Endpoint[direct://updateOrder]
2021-10-28 11:59:24,608 [ - ShutdownTask] INFO  DefaultShutdownStrategy        - Route: route3 shutdown complete, was consuming from: Endpoint[direct://getOrder]
2021-10-28 11:59:24,608 [ - ShutdownTask] INFO  DefaultShutdownStrategy        - Route: route2 shutdown complete, was consuming from: Endpoint[direct://createOrder]
2021-10-28 11:59:24,608 [main           ] INFO  DefaultShutdownStrategy        - Graceful shutdown of 5 routes completed in 0 seconds
2021-10-28 11:59:24,612 [main           ] INFO  BlueprintCamelContext          - Apache Camel 2.17.0.redhat-630495 (CamelContext: camel) uptime 1.024 seconds
2021-10-28 11:59:24,612 [main           ] INFO  BlueprintCamelContext          - Apache Camel 2.17.0.redhat-630495 (CamelContext: camel) is shutdown in 0.009 seconds
2021-10-28 11:59:24,614 [main           ] INFO  BlueprintExtender              - Destroying BlueprintContainer for bundle org.apache.aries.blueprint.cm/1.0.6
2021-10-28 11:59:24,616 [main           ] INFO  BlueprintExtender              - Destroying BlueprintContainer for bundle BlueprintRestBeanOrderServiceTest/1.0.0
2021-10-28 11:59:24,621 [main           ] INFO  ServerConnector                - Stopped ServerConnector@253d9f73{HTTP/1.1}{localhost:8080}
2021-10-28 11:59:24,623 [main           ] INFO  BlueprintExtender              - Destroying BlueprintContainer for bundle org.apache.aries.blueprint.core/1.8.0
2021-10-28 11:59:24,625 [main           ] INFO  BlueprintExtender              - Destroying BlueprintContainer for bundle org.apache.camel.camel-blueprint/2.17.0.redhat-630495
2021-10-28 11:59:24,625 [main           ] INFO  BlueprintExtender              - Destroying BlueprintContainer for bundle org.apache.camel.camel-cxf-transport/2.17.0.redhat-630495
2021-10-28 11:59:24,626 [main           ] INFO  BlueprintExtender              - Destroying BlueprintContainer for bundle org.apache.camel.camel-cxf/2.17.0.redhat-630495
2021-10-28 11:59:24,630 [main           ] INFO  CXFActivator                   - Removing the extensions for bundle 35
2021-10-28 11:59:24,630 [main           ] INFO  CXFActivator                   - Removing the extensions for bundle 12
2021-10-28 11:59:24,630 [main           ] INFO  CXFActivator                   - Removing the extensions for bundle 17
2021-10-28 11:59:24,630 [main           ] INFO  CXFActivator                   - Removing the extensions for bundle 19
2021-10-28 11:59:24,630 [main           ] INFO  CXFActivator                   - Removing the extensions for bundle 21
2021-10-28 11:59:24,630 [main           ] INFO  CXFActivator                   - Removing the extensions for bundle 22
2021-10-28 11:59:24,630 [main           ] INFO  CXFActivator                   - Removing the extensions for bundle 26
2021-10-28 11:59:24,630 [main           ] INFO  CXFActivator                   - Removing the extensions for bundle 27
2021-10-28 11:59:24,630 [main           ] INFO  CXFActivator                   - Removing the extensions for bundle 30
2021-10-28 11:59:24,631 [main           ] INFO  Activator                      - Camel activator stopping
2021-10-28 11:59:24,632 [main           ] INFO  Activator                      - Camel activator stopped
2021-10-28 11:59:24,632 [main           ] INFO  CamelBlueprintHelper           - Deleting work directory target/bundles/1635415161971
]]></system-out>
    <system-err><![CDATA[org.osgi.framework.BundleException: Unable to start bundle
	at org.apache.felix.connect.PojoSRBundle.start(PojoSRBundle.java:163)
	at org.apache.felix.connect.PojoSR.startBundles(PojoSR.java:314)
	at org.apache.felix.connect.PojoSR.<init>(PojoSR.java:258)
	at org.apache.felix.connect.PojoSR.<init>(PojoSR.java:130)
	at org.apache.felix.connect.PojoServiceRegistryFactoryImpl.newPojoServiceRegistry(PojoServiceRegistryFactoryImpl.java:53)
	at org.apache.camel.test.blueprint.CamelBlueprintHelper.createBundleContext(CamelBlueprintHelper.java:198)
	at org.apache.camel.test.blueprint.CamelBlueprintHelper.createBundleContext(CamelBlueprintHelper.java:133)
	at org.apache.camel.test.blueprint.CamelBlueprintHelper.createBundleContext(CamelBlueprintHelper.java:111)
	at org.apache.camel.test.blueprint.CamelBlueprintTestSupport.createBundleContext(CamelBlueprintTestSupport.java:128)
	at org.apache.camel.test.blueprint.CamelBlueprintTestSupport.setUp(CamelBlueprintTestSupport.java:242)
	at sun.reflect.NativeMethodAccessorImpl.invoke0(Native Method)
	at sun.reflect.NativeMethodAccessorImpl.invoke(NativeMethodAccessorImpl.java:62)
	at sun.reflect.DelegatingMethodAccessorImpl.invoke(DelegatingMethodAccessorImpl.java:43)
	at java.lang.reflect.Method.invoke(Method.java:498)
	at org.junit.runners.model.FrameworkMethod$1.runReflectiveCall(FrameworkMethod.java:47)
	at org.junit.internal.runners.model.ReflectiveCallable.run(ReflectiveCallable.java:12)
	at org.junit.runners.model.FrameworkMethod.invokeExplosively(FrameworkMethod.java:44)
	at org.junit.internal.runners.statements.RunBefores.evaluate(RunBefores.java:24)
	at org.junit.internal.runners.statements.RunAfters.evaluate(RunAfters.java:27)
	at org.junit.rules.TestWatcher$1.evaluate(TestWatcher.java:55)
	at org.junit.rules.TestWatcher$1.evaluate(TestWatcher.java:55)
	at org.junit.rules.RunRules.evaluate(RunRules.java:20)
	at org.junit.runners.ParentRunner.runLeaf(ParentRunner.java:271)
	at org.junit.runners.BlockJUnit4ClassRunner.runChild(BlockJUnit4ClassRunner.java:70)
	at org.junit.runners.BlockJUnit4ClassRunner.runChild(BlockJUnit4ClassRunner.java:50)
	at org.junit.runners.ParentRunner$3.run(ParentRunner.java:238)
	at org.junit.runners.ParentRunner$1.schedule(ParentRunner.java:63)
	at org.junit.runners.ParentRunner.runChildren(ParentRunner.java:236)
	at org.junit.runners.ParentRunner.access$000(ParentRunner.java:53)
	at org.junit.runners.ParentRunner$2.evaluate(ParentRunner.java:229)
	at org.junit.internal.runners.statements.RunAfters.evaluate(RunAfters.java:27)
	at org.junit.runners.ParentRunner.run(ParentRunner.java:309)
	at org.apache.maven.surefire.junit4.JUnit4Provider.execute(JUnit4Provider.java:364)
	at org.apache.maven.surefire.junit4.JUnit4Provider.executeWithRerun(JUnit4Provider.java:272)
	at org.apache.maven.surefire.junit4.JUnit4Provider.executeTestSet(JUnit4Provider.java:237)
	at org.apache.maven.surefire.junit4.JUnit4Provider.invoke(JUnit4Provider.java:158)
	at org.apache.maven.surefire.booter.ForkedBooter.runSuitesInProcess(ForkedBooter.java:428)
	at org.apache.maven.surefire.booter.ForkedBooter.execute(ForkedBooter.java:162)
	at org.apache.maven.surefire.booter.ForkedBooter.run(ForkedBooter.java:562)
	at org.apache.maven.surefire.booter.ForkedBooter.main(ForkedBooter.java:548)
Caused by: java.lang.NoClassDefFoundError: org/osgi/service/http/HttpService
	at org.apache.cxf.transport.http.osgi.HTTPTransportActivator.start(HTTPTransportActivator.java:63)
	at org.apache.felix.connect.PojoSRBundle.start(PojoSRBundle.java:153)
	... 39 more
Caused by: java.lang.ClassNotFoundException: org.osgi.service.http.HttpService
	at java.net.URLClassLoader.findClass(URLClassLoader.java:382)
	at java.lang.ClassLoader.loadClass(ClassLoader.java:418)
	at sun.misc.Launcher$AppClassLoader.loadClass(Launcher.java:352)
	at java.lang.ClassLoader.loadClass(ClassLoader.java:351)
	... 41 more
Oct 28, 2021 11:59:24 AM org.restlet.ext.httpclient.HttpClientHelper start
INFO: Starting the Apache HTTP client
Oct 28, 2021 11:59:24 AM org.restlet.ext.httpclient.HttpClientHelper stop
INFO: Stopping the HTTP client
]]></system-err>
  </testcase>
  <testcase name="testCreateOrder" classname="camelinaction.BlueprintRestBeanOrderServiceTest" time="2.193">
    <system-out><![CDATA[2021-10-28 11:59:24,636 [main           ] INFO  CamelBlueprintHelper           - Using Blueprint XML file: /home/agagliar/Projects/cases/03056197-telenor-bp-graceperiod/example/camel-cxf-rest-karaf/target/classes/OSGI-INF/blueprint/rest-order.xml
2021-10-28 11:59:24,645 [Thread-15      ] INFO  RawBuilder                     - Copy thread finished.
2021-10-28 11:59:24,646 [Thread-16      ] INFO  RawBuilder                     - Copy thread finished.
2021-10-28 11:59:24,700 [main           ] INFO  Activator                      - Camel activator starting
2021-10-28 11:59:24,702 [main           ] INFO  Activator                      - Camel activator started
2021-10-28 11:59:24,722 [main           ] INFO  NamespaceHandlerRegisterer     - Registered blueprint namespace handler for http://cxf.apache.org/blueprint/jaxrs
2021-10-28 11:59:24,725 [main           ] INFO  NamespaceHandlerRegisterer     - Registered blueprint namespace handler for http://cxf.apache.org/blueprint/jaxws
2021-10-28 11:59:24,727 [main           ] INFO  NamespaceHandlerRegisterer     - Registered blueprint namespace handler for http://cxf.apache.org/blueprint/simple
2021-10-28 11:59:24,727 [main           ] INFO  NamespaceHandlerRegisterer     - Registered blueprint namespace handler for http://cxf.apache.org/ws/addressing
2021-10-28 11:59:24,728 [main           ] INFO  NamespaceHandlerRegisterer     - Registered blueprint namespace handler for http://cxf.apache.org/policy
2021-10-28 11:59:24,728 [main           ] INFO  NamespaceHandlerRegisterer     - Registered blueprint namespace handler for http://www.w3.org/ns/ws-policy
2021-10-28 11:59:24,728 [main           ] INFO  NamespaceHandlerRegisterer     - Registered blueprint namespace handler for http://www.w3.org/2006/07/ws-policy
2021-10-28 11:59:24,728 [main           ] INFO  NamespaceHandlerRegisterer     - Registered blueprint namespace handler for http://schemas.xmlsoap.org/ws/2004/09/policy
2021-10-28 11:59:24,728 [main           ] INFO  NamespaceHandlerRegisterer     - Registered blueprint namespace handler for http://docs.oasis-open.org/wss/2004/01/oasis-200401-wss-wssecurity-secext-1.0.xsd
2021-10-28 11:59:24,729 [main           ] INFO  NamespaceHandlerRegisterer     - Registered blueprint namespace handler for http://docs.oasis-open.org/wss/2004/01/oasis-200401-wss-wssecurity-utility-1.0.xsd
2021-10-28 11:59:24,729 [main           ] INFO  NamespaceHandlerRegisterer     - Registered blueprint namespace handler for http://www.w3.org/2000/09/xmldsig#
2021-10-28 11:59:24,729 [main           ] INFO  NamespaceHandlerRegisterer     - Registered blueprint namespace handler for http://docs.oasis-open.org/ws-sx/ws-securitypolicy/200702
2021-10-28 11:59:24,731 [main           ] INFO  NamespaceHandlerRegisterer     - Registered blueprint namespace handler for http://cxf.apache.org/blueprint/jaxrs-client
2021-10-28 11:59:24,732 [main           ] INFO  NamespaceHandlerRegisterer     - Registered blueprint namespace handler for http://cxf.apache.org/blueprint/bindings/soap
Unable to start bundle: org.apache.cxf.cxf-rt-transports-http [30]
2021-10-28 11:59:24,741 [main           ] INFO  CXFActivator                   - Adding the extensions from bundle org.apache.camel.camel-cxf-transport (12) [org.apache.camel.component.cxf.transport.CamelTransportFactory]
2021-10-28 11:59:24,742 [main           ] INFO  CXFActivator                   - Adding the extensions from bundle org.apache.cxf.cxf-rt-frontend-jaxws (17) [org.apache.cxf.jaxws.context.WebServiceContextResourceResolver]
2021-10-28 11:59:24,742 [main           ] INFO  CXFActivator                   - Adding the extensions from bundle org.apache.cxf.cxf-rt-bindings-xml (19) [org.apache.cxf.binding.xml.XMLBindingFactory, org.apache.cxf.binding.xml.wsdl11.XMLWSDLExtensionLoader]
2021-10-28 11:59:24,742 [main           ] INFO  CXFActivator                   - Adding the extensions from bundle org.apache.cxf.cxf-rt-ws-addr (21) [org.apache.cxf.ws.addressing.policy.AddressingAssertionBuilder, org.apache.cxf.ws.addressing.policy.UsingAddressingAssertionBuilder, org.apache.cxf.ws.addressing.policy.AddressingPolicyInterceptorProvider, org.apache.cxf.ws.addressing.impl.AddressingWSDLExtensionLoader, org.apache.cxf.ws.addressing.WSAddressingFeature$WSAddressingFeatureApplier, org.apache.cxf.ws.addressing.MAPAggregator$MAPAggregatorLoader]
2021-10-28 11:59:24,743 [main           ] INFO  CXFActivator                   - Adding the extensions from bundle org.apache.cxf.cxf-rt-ws-policy (22) [org.apache.cxf.ws.policy.PolicyEngine, org.apache.cxf.policy.PolicyDataEngine, org.apache.cxf.ws.policy.AssertionBuilderRegistry, org.apache.cxf.ws.policy.PolicyInterceptorProviderRegistry, org.apache.cxf.ws.policy.PolicyBuilder, org.apache.cxf.ws.policy.PolicyAnnotationListener, org.apache.cxf.ws.policy.attachment.ServiceModelPolicyProvider, org.apache.cxf.ws.policy.attachment.external.DomainExpressionBuilderRegistry, org.apache.cxf.ws.policy.attachment.external.EndpointReferenceDomainExpressionBuilder, org.apache.cxf.ws.policy.attachment.external.URIDomainExpressionBuilder, org.apache.cxf.ws.policy.attachment.wsdl11.Wsdl11AttachmentPolicyProvider, org.apache.cxf.ws.policy.mtom.MTOMAssertionBuilder, org.apache.cxf.ws.policy.mtom.MTOMPolicyInterceptorProvider]
2021-10-28 11:59:24,744 [main           ] INFO  CXFActivator                   - Adding the extensions from bundle org.apache.cxf.cxf-rt-bindings-soap (26) [org.apache.cxf.binding.soap.SoapBindingFactory, org.apache.cxf.binding.soap.SoapTransportFactory]
2021-10-28 11:59:24,744 [main           ] INFO  CXFActivator                   - Adding the extensions from bundle org.apache.cxf.cxf-rt-wsdl (27) [org.apache.cxf.wsdl.WSDLManager]
2021-10-28 11:59:24,744 [main           ] INFO  CXFActivator                   - Adding the extensions from bundle org.apache.cxf.cxf-rt-transports-http (30) [org.apache.cxf.transport.http.HTTPTransportFactory, org.apache.cxf.transport.http.HTTPWSDLExtensionLoader, org.apache.cxf.transport.http.policy.HTTPClientAssertionBuilder, org.apache.cxf.transport.http.policy.HTTPServerAssertionBuilder, org.apache.cxf.transport.http.policy.NoOpPolicyInterceptorProvider]
2021-10-28 11:59:24,745 [main           ] INFO  CXFActivator                   - Adding the extensions from bundle org.apache.cxf.cxf-rt-transports-http-jetty (35) [org.apache.cxf.transport.http_jetty.JettyDestinationFactory, org.apache.cxf.transport.http_jetty.JettyHTTPServerEngineFactory, org.apache.cxf.transport.http.ContinuationProviderFactory]
2021-10-28 11:59:24,752 [main           ] INFO  NamespaceHandlerRegisterer     - Registered blueprint namespace handler for http://cxf.apache.org/blueprint/core
2021-10-28 11:59:24,752 [main           ] INFO  NamespaceHandlerRegisterer     - Registered blueprint namespace handler for http://cxf.apache.org/configuration/beans
2021-10-28 11:59:24,753 [main           ] INFO  NamespaceHandlerRegisterer     - Registered blueprint namespace handler for http://cxf.apache.org/configuration/parameterized-types
2021-10-28 11:59:24,753 [main           ] INFO  NamespaceHandlerRegisterer     - Registered blueprint namespace handler for http://cxf.apache.org/configuration/security
2021-10-28 11:59:24,753 [main           ] INFO  NamespaceHandlerRegisterer     - Registered blueprint namespace handler for http://schemas.xmlsoap.org/wsdl/
2021-10-28 11:59:24,753 [main           ] INFO  NamespaceHandlerRegisterer     - Registered blueprint namespace handler for http://www.w3.org/2005/08/addressing
2021-10-28 11:59:24,753 [main           ] INFO  NamespaceHandlerRegisterer     - Registered blueprint namespace handler for http://schemas.xmlsoap.org/ws/2004/08/addressing
2021-10-28 11:59:24,759 [main           ] INFO  NamespaceHandlerRegisterer     - Registered blueprint namespace handler for http://cxf.apache.org/transports/http-jetty/configuration
2021-10-28 11:59:24,776 [int Extender: 1] INFO  BlueprintContainerImpl         - Bundle BlueprintRestBeanOrderServiceTest/1.0.0 is waiting for namespace handlers [http://camel.apache.org/schema/blueprint/cxf, http://camel.apache.org/schema/blueprint]
2021-10-28 11:59:24,815 [int Extender: 1] INFO  BlueprintContainerImpl         - Bundle BlueprintRestBeanOrderServiceTest/1.0.0 is waiting for namespace handlers [http://camel.apache.org/schema/blueprint/cxf]
2021-10-28 11:59:25,057 [main           ] INFO  eprintRestBeanOrderServiceTest - ********************************************************************************
2021-10-28 11:59:25,057 [t Dispatcher: 1] INFO  BlueprintCamelContext          - Attempting to start Camel Context camel
2021-10-28 11:59:25,057 [main           ] INFO  eprintRestBeanOrderServiceTest - Testing: testCreateOrder(camelinaction.BlueprintRestBeanOrderServiceTest)
2021-10-28 11:59:25,057 [main           ] INFO  eprintRestBeanOrderServiceTest - ********************************************************************************
2021-10-28 11:59:25,058 [main           ] INFO  eprintRestBeanOrderServiceTest - Skipping starting CamelContext as system property skipStartingCamelContext is set to be true.
2021-10-28 11:59:25,058 [main           ] INFO  BlueprintCamelContext          - Apache Camel 2.17.0.redhat-630495 (CamelContext: camel) is starting
2021-10-28 11:59:25,058 [main           ] INFO  DefaultManagementStrategy      - JMX is disabled
2021-10-28 11:59:25,074 [main           ] INFO  BlueprintCamelContext          - AllowUseOriginalMessage is enabled. If access to the original message is not needed, then its recommended to turn this option off as it may improve performance.
2021-10-28 11:59:25,074 [main           ] INFO  BlueprintCamelContext          - StreamCaching is not in use. If using streams then its recommended to enable stream caching. See more details at http://camel.apache.org/stream-caching.html
2021-10-28 11:59:25,075 [main           ] INFO  ServerImpl                     - Setting the server's publish address to be http://localhost:8080
2021-10-28 11:59:25,084 [main           ] INFO  Server                         - jetty-9.2.23.v20171218
2021-10-28 11:59:25,085 [main           ] WARN  AbstractHandler                - No Server set for org.apache.cxf.transport.http_jetty.JettyHTTPServerEngine$1@2970a5bc
2021-10-28 11:59:25,085 [main           ] INFO  ServerConnector                - Started ServerConnector@50305a{HTTP/1.1}{localhost:8080}
2021-10-28 11:59:25,086 [main           ] INFO  Server                         - Started @3555ms
2021-10-28 11:59:25,086 [main           ] WARN  ContextHandler                 - Empty contextPath
2021-10-28 11:59:25,086 [main           ] INFO  ContextHandler                 - Started o.e.j.s.h.ContextHandler@72efb5c1{/,null,AVAILABLE}
2021-10-28 11:59:25,086 [main           ] INFO  BlueprintCamelContext          - Route: route6 started and consuming from: Endpoint[cxfrs://bean:restOrderServer?bindingStyle=SimpleConsumer]
2021-10-28 11:59:25,086 [main           ] INFO  BlueprintCamelContext          - Route: route7 started and consuming from: Endpoint[direct://createOrder]
2021-10-28 11:59:25,087 [main           ] INFO  BlueprintCamelContext          - Route: route8 started and consuming from: Endpoint[direct://getOrder]
2021-10-28 11:59:25,087 [main           ] INFO  BlueprintCamelContext          - Route: route9 started and consuming from: Endpoint[direct://updateOrder]
2021-10-28 11:59:25,087 [main           ] INFO  BlueprintCamelContext          - Route: route10 started and consuming from: Endpoint[direct://cancelOrder]
2021-10-28 11:59:25,087 [main           ] INFO  BlueprintCamelContext          - Total 5 routes, of which 5 are started.
2021-10-28 11:59:25,087 [main           ] INFO  BlueprintCamelContext          - Apache Camel 2.17.0.redhat-630495 (CamelContext: camel) started in 0.029 seconds
2021-10-28 11:59:25,088 [main           ] INFO  eprintRestBeanOrderServiceTest - Sending order using json payload: {"partName":"motor","amount":1,"customerName":"honda"}
2021-10-28 11:59:25,141 [main           ] INFO  eprintRestBeanOrderServiceTest - Created new order with id 3
2021-10-28 11:59:25,142 [main           ] INFO  eprintRestBeanOrderServiceTest - ********************************************************************************
2021-10-28 11:59:25,142 [main           ] INFO  eprintRestBeanOrderServiceTest - Testing done: testCreateOrder(camelinaction.BlueprintRestBeanOrderServiceTest)
2021-10-28 11:59:25,142 [main           ] INFO  eprintRestBeanOrderServiceTest - Took: 0.084 seconds (84 millis)
2021-10-28 11:59:25,142 [main           ] INFO  eprintRestBeanOrderServiceTest - ********************************************************************************
2021-10-28 11:59:25,142 [main           ] INFO  BlueprintCamelContext          - Apache Camel 2.17.0.redhat-630495 (CamelContext: camel) is shutting down
2021-10-28 11:59:25,142 [main           ] INFO  DefaultShutdownStrategy        - Starting to graceful shutdown 5 routes (timeout 10 seconds)
2021-10-28 11:59:25,143 [ - ShutdownTask] INFO  ContextHandler                 - Stopped o.e.j.s.h.ContextHandler@72efb5c1{/,null,UNAVAILABLE}
2021-10-28 11:59:25,143 [ - ShutdownTask] INFO  DefaultShutdownStrategy        - Route: route6 shutdown complete, was consuming from: Endpoint[cxfrs://bean:restOrderServer?bindingStyle=SimpleConsumer]
2021-10-28 11:59:25,143 [ - ShutdownTask] INFO  DefaultShutdownStrategy        - Route: route10 shutdown complete, was consuming from: Endpoint[direct://cancelOrder]
2021-10-28 11:59:25,143 [ - ShutdownTask] INFO  DefaultShutdownStrategy        - Route: route9 shutdown complete, was consuming from: Endpoint[direct://updateOrder]
2021-10-28 11:59:25,143 [ - ShutdownTask] INFO  DefaultShutdownStrategy        - Route: route8 shutdown complete, was consuming from: Endpoint[direct://getOrder]
2021-10-28 11:59:25,143 [ - ShutdownTask] INFO  DefaultShutdownStrategy        - Route: route7 shutdown complete, was consuming from: Endpoint[direct://createOrder]
2021-10-28 11:59:25,143 [main           ] INFO  DefaultShutdownStrategy        - Graceful shutdown of 5 routes completed in 0 seconds
2021-10-28 11:59:25,145 [main           ] INFO  BlueprintCamelContext          - Apache Camel 2.17.0.redhat-630495 (CamelContext: camel) uptime 0.086 seconds
2021-10-28 11:59:25,145 [main           ] INFO  BlueprintCamelContext          - Apache Camel 2.17.0.redhat-630495 (CamelContext: camel) is shutdown in 0.002 seconds
2021-10-28 11:59:26,816 [main           ] INFO  BlueprintExtender              - Destroying BlueprintContainer for bundle org.apache.aries.blueprint.cm/1.0.6
2021-10-28 11:59:26,819 [main           ] INFO  BlueprintExtender              - Destroying BlueprintContainer for bundle BlueprintRestBeanOrderServiceTest/1.0.0
2021-10-28 11:59:26,824 [main           ] INFO  ServerConnector                - Stopped ServerConnector@50305a{HTTP/1.1}{localhost:8080}
2021-10-28 11:59:26,826 [main           ] INFO  BlueprintExtender              - Destroying BlueprintContainer for bundle org.apache.aries.blueprint.core/1.8.0
2021-10-28 11:59:26,830 [main           ] INFO  BlueprintExtender              - Destroying BlueprintContainer for bundle org.apache.camel.camel-cxf/2.17.0.redhat-630495
2021-10-28 11:59:26,831 [main           ] INFO  BlueprintExtender              - Destroying BlueprintContainer for bundle org.apache.camel.camel-cxf-transport/2.17.0.redhat-630495
2021-10-28 11:59:26,832 [main           ] INFO  BlueprintExtender              - Destroying BlueprintContainer for bundle org.apache.camel.camel-blueprint/2.17.0.redhat-630495
2021-10-28 11:59:26,841 [main           ] INFO  CXFActivator                   - Removing the extensions for bundle 35
2021-10-28 11:59:26,841 [main           ] INFO  CXFActivator                   - Removing the extensions for bundle 12
2021-10-28 11:59:26,841 [main           ] INFO  CXFActivator                   - Removing the extensions for bundle 17
2021-10-28 11:59:26,841 [main           ] INFO  CXFActivator                   - Removing the extensions for bundle 19
2021-10-28 11:59:26,842 [main           ] INFO  CXFActivator                   - Removing the extensions for bundle 21
2021-10-28 11:59:26,842 [main           ] INFO  CXFActivator                   - Removing the extensions for bundle 22
2021-10-28 11:59:26,842 [main           ] INFO  CXFActivator                   - Removing the extensions for bundle 26
2021-10-28 11:59:26,842 [main           ] INFO  CXFActivator                   - Removing the extensions for bundle 27
2021-10-28 11:59:26,842 [main           ] INFO  CXFActivator                   - Removing the extensions for bundle 30
2021-10-28 11:59:26,844 [main           ] INFO  Activator                      - Camel activator stopping
2021-10-28 11:59:26,844 [main           ] INFO  Activator                      - Camel activator stopped
2021-10-28 11:59:26,845 [main           ] INFO  CamelBlueprintHelper           - Deleting work directory target/bundles/1635415164637
]]></system-out>
    <system-err><![CDATA[org.osgi.framework.BundleException: Unable to start bundle
	at org.apache.felix.connect.PojoSRBundle.start(PojoSRBundle.java:163)
	at org.apache.felix.connect.PojoSR.startBundles(PojoSR.java:314)
	at org.apache.felix.connect.PojoSR.<init>(PojoSR.java:258)
	at org.apache.felix.connect.PojoSR.<init>(PojoSR.java:130)
	at org.apache.felix.connect.PojoServiceRegistryFactoryImpl.newPojoServiceRegistry(PojoServiceRegistryFactoryImpl.java:53)
	at org.apache.camel.test.blueprint.CamelBlueprintHelper.createBundleContext(CamelBlueprintHelper.java:198)
	at org.apache.camel.test.blueprint.CamelBlueprintHelper.createBundleContext(CamelBlueprintHelper.java:133)
	at org.apache.camel.test.blueprint.CamelBlueprintHelper.createBundleContext(CamelBlueprintHelper.java:111)
	at org.apache.camel.test.blueprint.CamelBlueprintTestSupport.createBundleContext(CamelBlueprintTestSupport.java:128)
	at org.apache.camel.test.blueprint.CamelBlueprintTestSupport.setUp(CamelBlueprintTestSupport.java:242)
	at sun.reflect.NativeMethodAccessorImpl.invoke0(Native Method)
	at sun.reflect.NativeMethodAccessorImpl.invoke(NativeMethodAccessorImpl.java:62)
	at sun.reflect.DelegatingMethodAccessorImpl.invoke(DelegatingMethodAccessorImpl.java:43)
	at java.lang.reflect.Method.invoke(Method.java:498)
	at org.junit.runners.model.FrameworkMethod$1.runReflectiveCall(FrameworkMethod.java:47)
	at org.junit.internal.runners.model.ReflectiveCallable.run(ReflectiveCallable.java:12)
	at org.junit.runners.model.FrameworkMethod.invokeExplosively(FrameworkMethod.java:44)
	at org.junit.internal.runners.statements.RunBefores.evaluate(RunBefores.java:24)
	at org.junit.internal.runners.statements.RunAfters.evaluate(RunAfters.java:27)
	at org.junit.rules.TestWatcher$1.evaluate(TestWatcher.java:55)
	at org.junit.rules.TestWatcher$1.evaluate(TestWatcher.java:55)
	at org.junit.rules.RunRules.evaluate(RunRules.java:20)
	at org.junit.runners.ParentRunner.runLeaf(ParentRunner.java:271)
	at org.junit.runners.BlockJUnit4ClassRunner.runChild(BlockJUnit4ClassRunner.java:70)
	at org.junit.runners.BlockJUnit4ClassRunner.runChild(BlockJUnit4ClassRunner.java:50)
	at org.junit.runners.ParentRunner$3.run(ParentRunner.java:238)
	at org.junit.runners.ParentRunner$1.schedule(ParentRunner.java:63)
	at org.junit.runners.ParentRunner.runChildren(ParentRunner.java:236)
	at org.junit.runners.ParentRunner.access$000(ParentRunner.java:53)
	at org.junit.runners.ParentRunner$2.evaluate(ParentRunner.java:229)
	at org.junit.internal.runners.statements.RunAfters.evaluate(RunAfters.java:27)
	at org.junit.runners.ParentRunner.run(ParentRunner.java:309)
	at org.apache.maven.surefire.junit4.JUnit4Provider.execute(JUnit4Provider.java:364)
	at org.apache.maven.surefire.junit4.JUnit4Provider.executeWithRerun(JUnit4Provider.java:272)
	at org.apache.maven.surefire.junit4.JUnit4Provider.executeTestSet(JUnit4Provider.java:237)
	at org.apache.maven.surefire.junit4.JUnit4Provider.invoke(JUnit4Provider.java:158)
	at org.apache.maven.surefire.booter.ForkedBooter.runSuitesInProcess(ForkedBooter.java:428)
	at org.apache.maven.surefire.booter.ForkedBooter.execute(ForkedBooter.java:162)
	at org.apache.maven.surefire.booter.ForkedBooter.run(ForkedBooter.java:562)
	at org.apache.maven.surefire.booter.ForkedBooter.main(ForkedBooter.java:548)
Caused by: java.lang.NoClassDefFoundError: org/osgi/service/http/HttpService
	at org.apache.cxf.transport.http.osgi.HTTPTransportActivator.start(HTTPTransportActivator.java:63)
	at org.apache.felix.connect.PojoSRBundle.start(PojoSRBundle.java:153)
	... 39 more
Oct 28, 2021 11:59:25 AM org.restlet.ext.httpclient.HttpClientHelper start
INFO: Starting the Apache HTTP client
Oct 28, 2021 11:59:25 AM org.restlet.ext.httpclient.HttpClientHelper stop
INFO: Stopping the HTTP client
]]></system-err>
  </testcase>
  <testcase name="testCreateAndGetOrder" classname="camelinaction.BlueprintRestBeanOrderServiceTest" time="2.191">
    <system-out><![CDATA[2021-10-28 11:59:26,847 [main           ] INFO  CamelBlueprintHelper           - Using Blueprint XML file: /home/agagliar/Projects/cases/03056197-telenor-bp-graceperiod/example/camel-cxf-rest-karaf/target/classes/OSGI-INF/blueprint/rest-order.xml
2021-10-28 11:59:26,855 [Thread-28      ] INFO  RawBuilder                     - Copy thread finished.
2021-10-28 11:59:26,862 [Thread-29      ] INFO  RawBuilder                     - Copy thread finished.
2021-10-28 11:59:26,890 [main           ] INFO  Activator                      - Camel activator starting
2021-10-28 11:59:26,891 [main           ] INFO  Activator                      - Camel activator started
2021-10-28 11:59:26,905 [main           ] INFO  NamespaceHandlerRegisterer     - Registered blueprint namespace handler for http://cxf.apache.org/blueprint/jaxrs
2021-10-28 11:59:26,907 [main           ] INFO  NamespaceHandlerRegisterer     - Registered blueprint namespace handler for http://cxf.apache.org/blueprint/jaxws
2021-10-28 11:59:26,908 [main           ] INFO  NamespaceHandlerRegisterer     - Registered blueprint namespace handler for http://cxf.apache.org/blueprint/simple
2021-10-28 11:59:26,909 [main           ] INFO  NamespaceHandlerRegisterer     - Registered blueprint namespace handler for http://cxf.apache.org/ws/addressing
2021-10-28 11:59:26,909 [main           ] INFO  NamespaceHandlerRegisterer     - Registered blueprint namespace handler for http://cxf.apache.org/policy
2021-10-28 11:59:26,909 [main           ] INFO  NamespaceHandlerRegisterer     - Registered blueprint namespace handler for http://www.w3.org/ns/ws-policy
2021-10-28 11:59:26,910 [main           ] INFO  NamespaceHandlerRegisterer     - Registered blueprint namespace handler for http://www.w3.org/2006/07/ws-policy
2021-10-28 11:59:26,910 [main           ] INFO  NamespaceHandlerRegisterer     - Registered blueprint namespace handler for http://schemas.xmlsoap.org/ws/2004/09/policy
2021-10-28 11:59:26,910 [main           ] INFO  NamespaceHandlerRegisterer     - Registered blueprint namespace handler for http://docs.oasis-open.org/wss/2004/01/oasis-200401-wss-wssecurity-secext-1.0.xsd
2021-10-28 11:59:26,910 [main           ] INFO  NamespaceHandlerRegisterer     - Registered blueprint namespace handler for http://docs.oasis-open.org/wss/2004/01/oasis-200401-wss-wssecurity-utility-1.0.xsd
2021-10-28 11:59:26,910 [main           ] INFO  NamespaceHandlerRegisterer     - Registered blueprint namespace handler for http://www.w3.org/2000/09/xmldsig#
2021-10-28 11:59:26,910 [main           ] INFO  NamespaceHandlerRegisterer     - Registered blueprint namespace handler for http://docs.oasis-open.org/ws-sx/ws-securitypolicy/200702
2021-10-28 11:59:26,911 [main           ] INFO  NamespaceHandlerRegisterer     - Registered blueprint namespace handler for http://cxf.apache.org/blueprint/jaxrs-client
2021-10-28 11:59:26,912 [main           ] INFO  NamespaceHandlerRegisterer     - Registered blueprint namespace handler for http://cxf.apache.org/blueprint/bindings/soap
Unable to start bundle: org.apache.cxf.cxf-rt-transports-http [30]
2021-10-28 11:59:26,919 [main           ] INFO  CXFActivator                   - Adding the extensions from bundle org.apache.camel.camel-cxf-transport (12) [org.apache.camel.component.cxf.transport.CamelTransportFactory]
2021-10-28 11:59:26,920 [main           ] INFO  CXFActivator                   - Adding the extensions from bundle org.apache.cxf.cxf-rt-frontend-jaxws (17) [org.apache.cxf.jaxws.context.WebServiceContextResourceResolver]
2021-10-28 11:59:26,920 [main           ] INFO  CXFActivator                   - Adding the extensions from bundle org.apache.cxf.cxf-rt-bindings-xml (19) [org.apache.cxf.binding.xml.XMLBindingFactory, org.apache.cxf.binding.xml.wsdl11.XMLWSDLExtensionLoader]
2021-10-28 11:59:26,920 [main           ] INFO  CXFActivator                   - Adding the extensions from bundle org.apache.cxf.cxf-rt-ws-addr (21) [org.apache.cxf.ws.addressing.policy.AddressingAssertionBuilder, org.apache.cxf.ws.addressing.policy.UsingAddressingAssertionBuilder, org.apache.cxf.ws.addressing.policy.AddressingPolicyInterceptorProvider, org.apache.cxf.ws.addressing.impl.AddressingWSDLExtensionLoader, org.apache.cxf.ws.addressing.WSAddressingFeature$WSAddressingFeatureApplier, org.apache.cxf.ws.addressing.MAPAggregator$MAPAggregatorLoader]
2021-10-28 11:59:26,921 [main           ] INFO  CXFActivator                   - Adding the extensions from bundle org.apache.cxf.cxf-rt-ws-policy (22) [org.apache.cxf.ws.policy.PolicyEngine, org.apache.cxf.policy.PolicyDataEngine, org.apache.cxf.ws.policy.AssertionBuilderRegistry, org.apache.cxf.ws.policy.PolicyInterceptorProviderRegistry, org.apache.cxf.ws.policy.PolicyBuilder, org.apache.cxf.ws.policy.PolicyAnnotationListener, org.apache.cxf.ws.policy.attachment.ServiceModelPolicyProvider, org.apache.cxf.ws.policy.attachment.external.DomainExpressionBuilderRegistry, org.apache.cxf.ws.policy.attachment.external.EndpointReferenceDomainExpressionBuilder, org.apache.cxf.ws.policy.attachment.external.URIDomainExpressionBuilder, org.apache.cxf.ws.policy.attachment.wsdl11.Wsdl11AttachmentPolicyProvider, org.apache.cxf.ws.policy.mtom.MTOMAssertionBuilder, org.apache.cxf.ws.policy.mtom.MTOMPolicyInterceptorProvider]
2021-10-28 11:59:26,921 [main           ] INFO  CXFActivator                   - Adding the extensions from bundle org.apache.cxf.cxf-rt-bindings-soap (26) [org.apache.cxf.binding.soap.SoapBindingFactory, org.apache.cxf.binding.soap.SoapTransportFactory]
2021-10-28 11:59:26,922 [main           ] INFO  CXFActivator                   - Adding the extensions from bundle org.apache.cxf.cxf-rt-wsdl (27) [org.apache.cxf.wsdl.WSDLManager]
2021-10-28 11:59:26,922 [main           ] INFO  CXFActivator                   - Adding the extensions from bundle org.apache.cxf.cxf-rt-transports-http (30) [org.apache.cxf.transport.http.HTTPTransportFactory, org.apache.cxf.transport.http.HTTPWSDLExtensionLoader, org.apache.cxf.transport.http.policy.HTTPClientAssertionBuilder, org.apache.cxf.transport.http.policy.HTTPServerAssertionBuilder, org.apache.cxf.transport.http.policy.NoOpPolicyInterceptorProvider]
2021-10-28 11:59:26,923 [main           ] INFO  CXFActivator                   - Adding the extensions from bundle org.apache.cxf.cxf-rt-transports-http-jetty (35) [org.apache.cxf.transport.http_jetty.JettyDestinationFactory, org.apache.cxf.transport.http_jetty.JettyHTTPServerEngineFactory, org.apache.cxf.transport.http.ContinuationProviderFactory]
2021-10-28 11:59:26,928 [main           ] INFO  NamespaceHandlerRegisterer     - Registered blueprint namespace handler for http://cxf.apache.org/blueprint/core
2021-10-28 11:59:26,928 [main           ] INFO  NamespaceHandlerRegisterer     - Registered blueprint namespace handler for http://cxf.apache.org/configuration/beans
2021-10-28 11:59:26,929 [main           ] INFO  NamespaceHandlerRegisterer     - Registered blueprint namespace handler for http://cxf.apache.org/configuration/parameterized-types
2021-10-28 11:59:26,929 [main           ] INFO  NamespaceHandlerRegisterer     - Registered blueprint namespace handler for http://cxf.apache.org/configuration/security
2021-10-28 11:59:26,929 [main           ] INFO  NamespaceHandlerRegisterer     - Registered blueprint namespace handler for http://schemas.xmlsoap.org/wsdl/
2021-10-28 11:59:26,929 [main           ] INFO  NamespaceHandlerRegisterer     - Registered blueprint namespace handler for http://www.w3.org/2005/08/addressing
2021-10-28 11:59:26,929 [main           ] INFO  NamespaceHandlerRegisterer     - Registered blueprint namespace handler for http://schemas.xmlsoap.org/ws/2004/08/addressing
2021-10-28 11:59:26,934 [main           ] INFO  NamespaceHandlerRegisterer     - Registered blueprint namespace handler for http://cxf.apache.org/transports/http-jetty/configuration
2021-10-28 11:59:26,950 [int Extender: 1] INFO  BlueprintContainerImpl         - Bundle BlueprintRestBeanOrderServiceTest/1.0.0 is waiting for namespace handlers [http://camel.apache.org/schema/blueprint/cxf, http://camel.apache.org/schema/blueprint]
2021-10-28 11:59:27,162 [t Dispatcher: 1] INFO  BlueprintCamelContext          - Attempting to start Camel Context camel
2021-10-28 11:59:27,162 [main           ] INFO  eprintRestBeanOrderServiceTest - ********************************************************************************
2021-10-28 11:59:27,162 [main           ] INFO  eprintRestBeanOrderServiceTest - Testing: testCreateAndGetOrder(camelinaction.BlueprintRestBeanOrderServiceTest)
2021-10-28 11:59:27,162 [main           ] INFO  eprintRestBeanOrderServiceTest - ********************************************************************************
2021-10-28 11:59:27,163 [main           ] INFO  eprintRestBeanOrderServiceTest - Skipping starting CamelContext as system property skipStartingCamelContext is set to be true.
2021-10-28 11:59:27,163 [main           ] INFO  BlueprintCamelContext          - Apache Camel 2.17.0.redhat-630495 (CamelContext: camel) is starting
2021-10-28 11:59:27,163 [main           ] INFO  DefaultManagementStrategy      - JMX is disabled
2021-10-28 11:59:27,172 [main           ] INFO  BlueprintCamelContext          - AllowUseOriginalMessage is enabled. If access to the original message is not needed, then its recommended to turn this option off as it may improve performance.
2021-10-28 11:59:27,172 [main           ] INFO  BlueprintCamelContext          - StreamCaching is not in use. If using streams then its recommended to enable stream caching. See more details at http://camel.apache.org/stream-caching.html
2021-10-28 11:59:27,174 [main           ] INFO  ServerImpl                     - Setting the server's publish address to be http://localhost:8080
2021-10-28 11:59:27,179 [main           ] INFO  Server                         - jetty-9.2.23.v20171218
2021-10-28 11:59:27,180 [main           ] WARN  AbstractHandler                - No Server set for org.apache.cxf.transport.http_jetty.JettyHTTPServerEngine$1@771158fb
2021-10-28 11:59:27,180 [main           ] INFO  ServerConnector                - Started ServerConnector@91c4a3f{HTTP/1.1}{localhost:8080}
2021-10-28 11:59:27,180 [main           ] INFO  Server                         - Started @5650ms
2021-10-28 11:59:27,180 [main           ] WARN  ContextHandler                 - Empty contextPath
2021-10-28 11:59:27,182 [main           ] INFO  ContextHandler                 - Started o.e.j.s.h.ContextHandler@62d0ac62{/,null,AVAILABLE}
2021-10-28 11:59:27,182 [main           ] INFO  BlueprintCamelContext          - Route: route11 started and consuming from: Endpoint[cxfrs://bean:restOrderServer?bindingStyle=SimpleConsumer]
2021-10-28 11:59:27,182 [main           ] INFO  BlueprintCamelContext          - Route: route12 started and consuming from: Endpoint[direct://createOrder]
2021-10-28 11:59:27,182 [main           ] INFO  BlueprintCamelContext          - Route: route13 started and consuming from: Endpoint[direct://getOrder]
2021-10-28 11:59:27,182 [main           ] INFO  BlueprintCamelContext          - Route: route14 started and consuming from: Endpoint[direct://updateOrder]
2021-10-28 11:59:27,182 [main           ] INFO  BlueprintCamelContext          - Route: route15 started and consuming from: Endpoint[direct://cancelOrder]
2021-10-28 11:59:27,182 [main           ] INFO  BlueprintCamelContext          - Total 5 routes, of which 5 are started.
2021-10-28 11:59:27,182 [main           ] INFO  BlueprintCamelContext          - Apache Camel 2.17.0.redhat-630495 (CamelContext: camel) started in 0.019 seconds
2021-10-28 11:59:27,182 [main           ] INFO  eprintRestBeanOrderServiceTest - Sending order using json payload: {"partName":"motor","amount":1,"customerName":"honda"}
2021-10-28 11:59:27,192 [main           ] INFO  eprintRestBeanOrderServiceTest - Created new order with id 3
2021-10-28 11:59:27,198 [main           ] INFO  eprintRestBeanOrderServiceTest - Response: {"id":1,"partName":"motor","amount":1,"customerName":"honda"}
2021-10-28 11:59:27,198 [main           ] INFO  eprintRestBeanOrderServiceTest - ********************************************************************************
2021-10-28 11:59:27,198 [main           ] INFO  eprintRestBeanOrderServiceTest - Testing done: testCreateAndGetOrder(camelinaction.BlueprintRestBeanOrderServiceTest)
2021-10-28 11:59:27,199 [main           ] INFO  eprintRestBeanOrderServiceTest - Took: 0.035 seconds (35 millis)
2021-10-28 11:59:27,199 [main           ] INFO  eprintRestBeanOrderServiceTest - ********************************************************************************
2021-10-28 11:59:27,203 [main           ] INFO  BlueprintCamelContext          - Apache Camel 2.17.0.redhat-630495 (CamelContext: camel) is shutting down
2021-10-28 11:59:27,203 [main           ] INFO  DefaultShutdownStrategy        - Starting to graceful shutdown 5 routes (timeout 10 seconds)
2021-10-28 11:59:27,204 [ - ShutdownTask] INFO  ContextHandler                 - Stopped o.e.j.s.h.ContextHandler@62d0ac62{/,null,UNAVAILABLE}
2021-10-28 11:59:27,204 [ - ShutdownTask] INFO  DefaultShutdownStrategy        - Route: route11 shutdown complete, was consuming from: Endpoint[cxfrs://bean:restOrderServer?bindingStyle=SimpleConsumer]
2021-10-28 11:59:27,204 [ - ShutdownTask] INFO  DefaultShutdownStrategy        - Route: route15 shutdown complete, was consuming from: Endpoint[direct://cancelOrder]
2021-10-28 11:59:27,204 [ - ShutdownTask] INFO  DefaultShutdownStrategy        - Route: route14 shutdown complete, was consuming from: Endpoint[direct://updateOrder]
2021-10-28 11:59:27,204 [ - ShutdownTask] INFO  DefaultShutdownStrategy        - Route: route13 shutdown complete, was consuming from: Endpoint[direct://getOrder]
2021-10-28 11:59:27,204 [ - ShutdownTask] INFO  DefaultShutdownStrategy        - Route: route12 shutdown complete, was consuming from: Endpoint[direct://createOrder]
2021-10-28 11:59:27,204 [main           ] INFO  DefaultShutdownStrategy        - Graceful shutdown of 5 routes completed in 0 seconds
2021-10-28 11:59:27,205 [main           ] INFO  BlueprintCamelContext          - Apache Camel 2.17.0.redhat-630495 (CamelContext: camel) uptime 0.042 seconds
2021-10-28 11:59:27,206 [main           ] INFO  BlueprintCamelContext          - Apache Camel 2.17.0.redhat-630495 (CamelContext: camel) is shutdown in 0.002 seconds
2021-10-28 11:59:29,002 [main           ] INFO  BlueprintExtender              - Destroying BlueprintContainer for bundle org.apache.aries.blueprint.cm/1.0.6
2021-10-28 11:59:29,008 [main           ] INFO  BlueprintExtender              - Destroying BlueprintContainer for bundle BlueprintRestBeanOrderServiceTest/1.0.0
2021-10-28 11:59:29,014 [main           ] INFO  ServerConnector                - Stopped ServerConnector@91c4a3f{HTTP/1.1}{localhost:8080}
2021-10-28 11:59:29,018 [main           ] INFO  BlueprintExtender              - Destroying BlueprintContainer for bundle org.apache.camel.camel-cxf-transport/2.17.0.redhat-630495
2021-10-28 11:59:29,019 [main           ] INFO  BlueprintExtender              - Destroying BlueprintContainer for bundle org.apache.aries.blueprint.core/1.8.0
2021-10-28 11:59:29,022 [main           ] INFO  BlueprintExtender              - Destroying BlueprintContainer for bundle org.apache.camel.camel-cxf/2.17.0.redhat-630495
2021-10-28 11:59:29,023 [main           ] INFO  BlueprintExtender              - Destroying BlueprintContainer for bundle org.apache.camel.camel-blueprint/2.17.0.redhat-630495
2021-10-28 11:59:29,033 [main           ] INFO  CXFActivator                   - Removing the extensions for bundle 35
2021-10-28 11:59:29,034 [main           ] INFO  CXFActivator                   - Removing the extensions for bundle 12
2021-10-28 11:59:29,034 [main           ] INFO  CXFActivator                   - Removing the extensions for bundle 17
2021-10-28 11:59:29,034 [main           ] INFO  CXFActivator                   - Removing the extensions for bundle 19
2021-10-28 11:59:29,034 [main           ] INFO  CXFActivator                   - Removing the extensions for bundle 21
2021-10-28 11:59:29,034 [main           ] INFO  CXFActivator                   - Removing the extensions for bundle 22
2021-10-28 11:59:29,035 [main           ] INFO  CXFActivator                   - Removing the extensions for bundle 26
2021-10-28 11:59:29,035 [main           ] INFO  CXFActivator                   - Removing the extensions for bundle 27
2021-10-28 11:59:29,035 [main           ] INFO  CXFActivator                   - Removing the extensions for bundle 30
2021-10-28 11:59:29,037 [main           ] INFO  Activator                      - Camel activator stopping
2021-10-28 11:59:29,037 [main           ] INFO  Activator                      - Camel activator stopped
2021-10-28 11:59:29,037 [main           ] INFO  CamelBlueprintHelper           - Deleting work directory target/bundles/1635415166848
]]></system-out>
    <system-err><![CDATA[org.osgi.framework.BundleException: Unable to start bundle
	at org.apache.felix.connect.PojoSRBundle.start(PojoSRBundle.java:163)
	at org.apache.felix.connect.PojoSR.startBundles(PojoSR.java:314)
	at org.apache.felix.connect.PojoSR.<init>(PojoSR.java:258)
	at org.apache.felix.connect.PojoSR.<init>(PojoSR.java:130)
	at org.apache.felix.connect.PojoServiceRegistryFactoryImpl.newPojoServiceRegistry(PojoServiceRegistryFactoryImpl.java:53)
	at org.apache.camel.test.blueprint.CamelBlueprintHelper.createBundleContext(CamelBlueprintHelper.java:198)
	at org.apache.camel.test.blueprint.CamelBlueprintHelper.createBundleContext(CamelBlueprintHelper.java:133)
	at org.apache.camel.test.blueprint.CamelBlueprintHelper.createBundleContext(CamelBlueprintHelper.java:111)
	at org.apache.camel.test.blueprint.CamelBlueprintTestSupport.createBundleContext(CamelBlueprintTestSupport.java:128)
	at org.apache.camel.test.blueprint.CamelBlueprintTestSupport.setUp(CamelBlueprintTestSupport.java:242)
	at sun.reflect.NativeMethodAccessorImpl.invoke0(Native Method)
	at sun.reflect.NativeMethodAccessorImpl.invoke(NativeMethodAccessorImpl.java:62)
	at sun.reflect.DelegatingMethodAccessorImpl.invoke(DelegatingMethodAccessorImpl.java:43)
	at java.lang.reflect.Method.invoke(Method.java:498)
	at org.junit.runners.model.FrameworkMethod$1.runReflectiveCall(FrameworkMethod.java:47)
	at org.junit.internal.runners.model.ReflectiveCallable.run(ReflectiveCallable.java:12)
	at org.junit.runners.model.FrameworkMethod.invokeExplosively(FrameworkMethod.java:44)
	at org.junit.internal.runners.statements.RunBefores.evaluate(RunBefores.java:24)
	at org.junit.internal.runners.statements.RunAfters.evaluate(RunAfters.java:27)
	at org.junit.rules.TestWatcher$1.evaluate(TestWatcher.java:55)
	at org.junit.rules.TestWatcher$1.evaluate(TestWatcher.java:55)
	at org.junit.rules.RunRules.evaluate(RunRules.java:20)
	at org.junit.runners.ParentRunner.runLeaf(ParentRunner.java:271)
	at org.junit.runners.BlockJUnit4ClassRunner.runChild(BlockJUnit4ClassRunner.java:70)
	at org.junit.runners.BlockJUnit4ClassRunner.runChild(BlockJUnit4ClassRunner.java:50)
	at org.junit.runners.ParentRunner$3.run(ParentRunner.java:238)
	at org.junit.runners.ParentRunner$1.schedule(ParentRunner.java:63)
	at org.junit.runners.ParentRunner.runChildren(ParentRunner.java:236)
	at org.junit.runners.ParentRunner.access$000(ParentRunner.java:53)
	at org.junit.runners.ParentRunner$2.evaluate(ParentRunner.java:229)
	at org.junit.internal.runners.statements.RunAfters.evaluate(RunAfters.java:27)
	at org.junit.runners.ParentRunner.run(ParentRunner.java:309)
	at org.apache.maven.surefire.junit4.JUnit4Provider.execute(JUnit4Provider.java:364)
	at org.apache.maven.surefire.junit4.JUnit4Provider.executeWithRerun(JUnit4Provider.java:272)
	at org.apache.maven.surefire.junit4.JUnit4Provider.executeTestSet(JUnit4Provider.java:237)
	at org.apache.maven.surefire.junit4.JUnit4Provider.invoke(JUnit4Provider.java:158)
	at org.apache.maven.surefire.booter.ForkedBooter.runSuitesInProcess(ForkedBooter.java:428)
	at org.apache.maven.surefire.booter.ForkedBooter.execute(ForkedBooter.java:162)
	at org.apache.maven.surefire.booter.ForkedBooter.run(ForkedBooter.java:562)
	at org.apache.maven.surefire.booter.ForkedBooter.main(ForkedBooter.java:548)
Caused by: java.lang.NoClassDefFoundError: org/osgi/service/http/HttpService
	at org.apache.cxf.transport.http.osgi.HTTPTransportActivator.start(HTTPTransportActivator.java:63)
	at org.apache.felix.connect.PojoSRBundle.start(PojoSRBundle.java:153)
	... 39 more
Oct 28, 2021 11:59:27 AM org.restlet.ext.httpclient.HttpClientHelper start
INFO: Starting the Apache HTTP client
Oct 28, 2021 11:59:27 AM org.restlet.ext.httpclient.HttpClientHelper start
INFO: Starting the Apache HTTP client
Oct 28, 2021 11:59:27 AM org.restlet.ext.httpclient.HttpClientHelper stop
INFO: Stopping the HTTP client
Oct 28, 2021 11:59:27 AM org.restlet.ext.httpclient.HttpClientHelper stop
INFO: Stopping the HTTP client
]]></system-err>
  </testcase>
</testsuite>